<?xml version="1.0" encoding="UTF-8"?>
<!-- Generated by org.testng.reporters.JUnitReportReporter -->
<testsuite hostname="LAPTOP-LSH3VIH3" failures="0" tests="3" name="sourse.Validate" time="2.677" errors="0" timestamp="2023-01-17T16:04:35 AMT" skipped="0">
  <testcase classname="sourse.Validate" name="validate_platform" time="0.050"/>
  <system-out/>
  <testcase classname="sourse.Validate" name="validate_users" time="0.064"/>
  <system-out/>
  <testcase classname="sourse.Validate" name="validate_country" time="2.563"/>
  <system-out/>
</testsuite> <!-- sourse.Validate -->
