<?xml version="1.0" encoding="UTF-8"?>
<!-- Generated by org.testng.reporters.JUnitReportReporter -->
<testsuite hostname="LAPTOP-LSH3VIH3" failures="0" tests="1" name="sourse.TestsExamples" time="2.112" errors="0" timestamp="2023-01-17T17:19:15 AMT" skipped="0">
  <testcase classname="sourse.TestsExamples" name="testPatch" time="2.112"/>
  <system-out/>
</testsuite> <!-- sourse.TestsExamples -->
