<?xml version="1.0" encoding="UTF-8"?>
<!-- Generated by org.testng.reporters.JUnitReportReporter -->
<testsuite hostname="LAPTOP-LSH3VIH3" failures="0" tests="1" name="sourse.REST_API" time="3.498" errors="0" timestamp="2023-01-17T15:37:26 AMT" skipped="0">
  <testcase classname="sourse.REST_API" name="get" time="3.498"/>
  <system-out/>
</testsuite> <!-- sourse.REST_API -->
